# JRE version: OpenJDK Runtime Environment (8.0_265-b01) (build 1.8.0_265-b01)
# Java VM: OpenJDK 64-Bit Server VM (25.265-b01 mixed mode windows-amd64 compressed oops)
Heap:
 PSYoungGen      total 61952K, used 17623K [0x00000000d6200000, 0x00000000da400000, 0x0000000100000000)
  eden space 58368K, 29% used [0x00000000d6200000,0x00000000d72e5c48,0x00000000d9b00000)
  from space 3584K, 8% used [0x00000000da080000,0x00000000da0d0000,0x00000000da400000)
  to   space 4608K, 0% used [0x00000000d9b00000,0x00000000d9b00000,0x00000000d9f80000)
 ParOldGen       total 88064K, used 18847K [0x0000000082600000, 0x0000000087c00000, 0x00000000d6200000)
  object space 88064K, 21% used [0x0000000082600000,0x0000000083867e08,0x0000000087c00000)
 Metaspace       used 43414K, capacity 46964K, committed 47320K, reserved 1089536K
  class space    used 5684K, capacity 6286K, committed 6400K, reserved 1048576K
GC Heap History (10 events):
Event: 59318.233 GC heap before
{Heap before GC invocations=42 (full 2):
 PSYoungGen      total 64000K, used 63840K [0x00000000d6200000, 0x00000000dac00000, 0x0000000100000000)
  eden space 63488K, 100% used [0x00000000d6200000,0x00000000da000000,0x00000000da000000)
  from space 512K, 68% used [0x00000000da100000,0x00000000da158000,0x00000000da180000)
  to   space 6144K, 0% used [0x00000000da600000,0x00000000da600000,0x00000000dac00000)
 ParOldGen       total 88064K, used 18823K [0x0000000082600000, 0x0000000087c00000, 0x00000000d6200000)
  object space 88064K, 21% used [0x0000000082600000,0x0000000083861e08,0x0000000087c00000)
 Metaspace       used 43410K, capacity 46964K, committed 47320K, reserved 1089536K
  class space    used 5684K, capacity 6286K, committed 6400K, reserved 1048576K
Event: 59318.235 GC heap after
Heap after GC invocations=42 (full 2):
 PSYoungGen      total 66560K, used 320K [0x00000000d6200000, 0x00000000daa00000, 0x0000000100000000)
  eden space 62464K, 0% used [0x00000000d6200000,0x00000000d6200000,0x00000000d9f00000)
  from space 4096K, 7% used [0x00000000da600000,0x00000000da650000,0x00000000daa00000)
  to   space 5632K, 0% used [0x00000000d9f00000,0x00000000d9f00000,0x00000000da480000)
 ParOldGen       total 88064K, used 18823K [0x0000000082600000, 0x0000000087c00000, 0x00000000d6200000)
  object space 88064K, 21% used [0x0000000082600000,0x0000000083861e08,0x0000000087c00000)
 Metaspace       used 43410K, capacity 46964K, committed 47320K, reserved 1089536K
  class space    used 5684K, capacity 6286K, committed 6400K, reserved 1048576K
}
Event: 60177.297 GC heap before
{Heap before GC invocations=43 (full 2):
 PSYoungGen      total 66560K, used 62784K [0x00000000d6200000, 0x00000000daa00000, 0x0000000100000000)
  eden space 62464K, 100% used [0x00000000d6200000,0x00000000d9f00000,0x00000000d9f00000)
  from space 4096K, 7% used [0x00000000da600000,0x00000000da650000,0x00000000daa00000)
  to   space 5632K, 0% used [0x00000000d9f00000,0x00000000d9f00000,0x00000000da480000)
 ParOldGen       total 88064K, used 18823K [0x0000000082600000, 0x0000000087c00000, 0x00000000d6200000)
  object space 88064K, 21% used [0x0000000082600000,0x0000000083861e08,0x0000000087c00000)
 Metaspace       used 43412K, capacity 46964K, committed 47320K, reserved 1089536K
  class space    used 5684K, capacity 6286K, committed 6400K, reserved 1048576K
Event: 60177.300 GC heap after
Heap after GC invocations=43 (full 2):
 PSYoungGen      total 61952K, used 224K [0x00000000d6200000, 0x00000000da800000, 0x0000000100000000)
  eden space 61440K, 0% used [0x00000000d6200000,0x00000000d6200000,0x00000000d9e00000)
  from space 512K, 43% used [0x00000000d9f00000,0x00000000d9f38000,0x00000000d9f80000)
  to   space 5120K, 0% used [0x00000000da300000,0x00000000da300000,0x00000000da800000)
 ParOldGen       total 88064K, used 18823K [0x0000000082600000, 0x0000000087c00000, 0x00000000d6200000)
  object space 88064K, 21% used [0x0000000082600000,0x0000000083861e08,0x0000000087c00000)
 Metaspace       used 43412K, capacity 46964K, committed 47320K, reserved 1089536K
  class space    used 5684K, capacity 6286K, committed 6400K, reserved 1048576K
}
Event: 61020.574 GC heap before
{Heap before GC invocations=44 (full 2):
 PSYoungGen      total 61952K, used 61664K [0x00000000d6200000, 0x00000000da800000, 0x0000000100000000)
  eden space 61440K, 100% used [0x00000000d6200000,0x00000000d9e00000,0x00000000d9e00000)
  from space 512K, 43% used [0x00000000d9f00000,0x00000000d9f38000,0x00000000d9f80000)
  to   space 5120K, 0% used [0x00000000da300000,0x00000000da300000,0x00000000da800000)
 ParOldGen       total 88064K, used 18823K [0x0000000082600000, 0x0000000087c00000, 0x00000000d6200000)
  object space 88064K, 21% used [0x0000000082600000,0x0000000083861e08,0x0000000087c00000)
 Metaspace       used 43414K, capacity 46964K, committed 47320K, reserved 1089536K
  class space    used 5684K, capacity 6286K, committed 6400K, reserved 1048576K
Event: 61020.576 GC heap after
Heap after GC invocations=44 (full 2):
 PSYoungGen      total 64512K, used 352K [0x00000000d6200000, 0x00000000da700000, 0x0000000100000000)
  eden space 60416K, 0% used [0x00000000d6200000,0x00000000d6200000,0x00000000d9d00000)
  from space 4096K, 8% used [0x00000000da300000,0x00000000da358000,0x00000000da700000)
  to   space 5120K, 0% used [0x00000000d9d00000,0x00000000d9d00000,0x00000000da200000)
 ParOldGen       total 88064K, used 18847K [0x0000000082600000, 0x0000000087c00000, 0x00000000d6200000)
  object space 88064K, 21% used [0x0000000082600000,0x0000000083867e08,0x0000000087c00000)
 Metaspace       used 43414K, capacity 46964K, committed 47320K, reserved 1089536K
  class space    used 5684K, capacity 6286K, committed 6400K, reserved 1048576K
}
Event: 61836.675 GC heap before
{Heap before GC invocations=45 (full 2):
 PSYoungGen      total 64512K, used 60768K [0x00000000d6200000, 0x00000000da700000, 0x0000000100000000)
  eden space 60416K, 100% used [0x00000000d6200000,0x00000000d9d00000,0x00000000d9d00000)
  from space 4096K, 8% used [0x00000000da300000,0x00000000da358000,0x00000000da700000)
  to   space 5120K, 0% used [0x00000000d9d00000,0x00000000d9d00000,0x00000000da200000)
 ParOldGen       total 88064K, used 18847K [0x0000000082600000, 0x0000000087c00000, 0x00000000d6200000)
  object space 88064K, 21% used [0x0000000082600000,0x0000000083867e08,0x0000000087c00000)
 Metaspace       used 43414K, capacity 46964K, committed 47320K, reserved 1089536K
  class space    used 5684K, capacity 6286K, committed 6400K, reserved 1048576K
Event: 61836.677 GC heap after
Heap after GC invocations=45 (full 2):
 PSYoungGen      total 59904K, used 288K [0x00000000d6200000, 0x00000000da500000, 0x0000000100000000)
  eden space 59392K, 0% used [0x00000000d6200000,0x00000000d6200000,0x00000000d9c00000)
  from space 512K, 56% used [0x00000000d9d00000,0x00000000d9d48000,0x00000000d9d80000)
  to   space 4608K, 0% used [0x00000000da080000,0x00000000da080000,0x00000000da500000)
 ParOldGen       total 88064K, used 18847K [0x0000000082600000, 0x0000000087c00000, 0x00000000d6200000)
  object space 88064K, 21% used [0x0000000082600000,0x0000000083867e08,0x0000000087c00000)
 Metaspace       used 43414K, capacity 46964K, committed 47320K, reserved 1089536K
  class space    used 5684K, capacity 6286K, committed 6400K, reserved 1048576K
}
Event: 62650.003 GC heap before
{Heap before GC invocations=46 (full 2):
 PSYoungGen      total 59904K, used 59680K [0x00000000d6200000, 0x00000000da500000, 0x0000000100000000)
  eden space 59392K, 100% used [0x00000000d6200000,0x00000000d9c00000,0x00000000d9c00000)
  from space 512K, 56% used [0x00000000d9d00000,0x00000000d9d48000,0x00000000d9d80000)
  to   space 4608K, 0% used [0x00000000da080000,0x00000000da080000,0x00000000da500000)
 ParOldGen       total 88064K, used 18847K [0x0000000082600000, 0x0000000087c00000, 0x00000000d6200000)
  object space 88064K, 21% used [0x0000000082600000,0x0000000083867e08,0x0000000087c00000)
 Metaspace       used 43414K, capacity 46964K, committed 47320K, reserved 1089536K
  class space    used 5684K, capacity 6286K, committed 6400K, reserved 1048576K
Event: 62650.004 GC heap after
Heap after GC invocations=46 (full 2):
 PSYoungGen      total 61952K, used 320K [0x00000000d6200000, 0x00000000da400000, 0x0000000100000000)
  eden space 58368K, 0% used [0x00000000d6200000,0x00000000d6200000,0x00000000d9b00000)
  from space 3584K, 8% used [0x00000000da080000,0x00000000da0d0000,0x00000000da400000)
  to   space 4608K, 0% used [0x00000000d9b00000,0x00000000d9b00000,0x00000000d9f80000)
 ParOldGen       total 88064K, used 18847K [0x0000000082600000, 0x0000000087c00000, 0x00000000d6200000)
  object space 88064K, 21% used [0x0000000082600000,0x0000000083867e08,0x0000000087c00000)
 Metaspace       used 43414K, capacity 46964K, committed 47320K, reserved 1089536K
  class space    used 5684K, capacity 6286K, committed 6400K, reserved 1048576K
}

