# JRE version: OpenJDK Runtime Environment (8.0_265-b01) (build 1.8.0_265-b01)
# Java VM: OpenJDK 64-Bit Server VM (25.265-b01 mixed mode windows-amd64 compressed oops)
Heap:
 PSYoungGen      total 32256K, used 7719K [0x00000000d6200000, 0x00000000d8280000, 0x0000000100000000)
  eden space 31232K, 23% used [0x00000000d6200000,0x00000000d6929f80,0x00000000d8080000)
  from space 1024K, 37% used [0x00000000d8180000,0x00000000d81e0000,0x00000000d8280000)
  to   space 1024K, 0% used [0x00000000d8080000,0x00000000d8080000,0x00000000d8180000)
 ParOldGen       total 83456K, used 61220K [0x0000000082600000, 0x0000000087780000, 0x00000000d6200000)
  object space 83456K, 73% used [0x0000000082600000,0x00000000861c9328,0x0000000087780000)
 Metaspace       used 44417K, capacity 48206K, committed 48424K, reserved 1091584K
  class space    used 5759K, capacity 6387K, committed 6440K, reserved 1048576K
GC Heap History (10 events):
Event: 35166.533 GC heap before
{Heap before GC invocations=98 (full 2):
 PSYoungGen      total 32256K, used 31552K [0x00000000d6200000, 0x00000000d8280000, 0x0000000100000000)
  eden space 31232K, 100% used [0x00000000d6200000,0x00000000d8080000,0x00000000d8080000)
  from space 1024K, 31% used [0x00000000d8080000,0x00000000d80d0000,0x00000000d8180000)
  to   space 1024K, 0% used [0x00000000d8180000,0x00000000d8180000,0x00000000d8280000)
 ParOldGen       total 83456K, used 61220K [0x0000000082600000, 0x0000000087780000, 0x00000000d6200000)
  object space 83456K, 73% used [0x0000000082600000,0x00000000861c9328,0x0000000087780000)
 Metaspace       used 44407K, capacity 48200K, committed 48424K, reserved 1091584K
  class space    used 5757K, capacity 6386K, committed 6440K, reserved 1048576K
Event: 35166.535 GC heap after
Heap after GC invocations=98 (full 2):
 PSYoungGen      total 32256K, used 224K [0x00000000d6200000, 0x00000000d8280000, 0x0000000100000000)
  eden space 31232K, 0% used [0x00000000d6200000,0x00000000d6200000,0x00000000d8080000)
  from space 1024K, 21% used [0x00000000d8180000,0x00000000d81b8000,0x00000000d8280000)
  to   space 1024K, 0% used [0x00000000d8080000,0x00000000d8080000,0x00000000d8180000)
 ParOldGen       total 83456K, used 61220K [0x0000000082600000, 0x0000000087780000, 0x00000000d6200000)
  object space 83456K, 73% used [0x0000000082600000,0x00000000861c9328,0x0000000087780000)
 Metaspace       used 44407K, capacity 48200K, committed 48424K, reserved 1091584K
  class space    used 5757K, capacity 6386K, committed 6440K, reserved 1048576K
}
Event: 35418.184 GC heap before
{Heap before GC invocations=99 (full 2):
 PSYoungGen      total 32256K, used 31456K [0x00000000d6200000, 0x00000000d8280000, 0x0000000100000000)
  eden space 31232K, 100% used [0x00000000d6200000,0x00000000d8080000,0x00000000d8080000)
  from space 1024K, 21% used [0x00000000d8180000,0x00000000d81b8000,0x00000000d8280000)
  to   space 1024K, 0% used [0x00000000d8080000,0x00000000d8080000,0x00000000d8180000)
 ParOldGen       total 83456K, used 61220K [0x0000000082600000, 0x0000000087780000, 0x00000000d6200000)
  object space 83456K, 73% used [0x0000000082600000,0x00000000861c9328,0x0000000087780000)
 Metaspace       used 44407K, capacity 48200K, committed 48424K, reserved 1091584K
  class space    used 5757K, capacity 6386K, committed 6440K, reserved 1048576K
Event: 35418.186 GC heap after
Heap after GC invocations=99 (full 2):
 PSYoungGen      total 32256K, used 128K [0x00000000d6200000, 0x00000000d8280000, 0x0000000100000000)
  eden space 31232K, 0% used [0x00000000d6200000,0x00000000d6200000,0x00000000d8080000)
  from space 1024K, 12% used [0x00000000d8080000,0x00000000d80a0000,0x00000000d8180000)
  to   space 1024K, 0% used [0x00000000d8180000,0x00000000d8180000,0x00000000d8280000)
 ParOldGen       total 83456K, used 61220K [0x0000000082600000, 0x0000000087780000, 0x00000000d6200000)
  object space 83456K, 73% used [0x0000000082600000,0x00000000861c9328,0x0000000087780000)
 Metaspace       used 44407K, capacity 48200K, committed 48424K, reserved 1091584K
  class space    used 5757K, capacity 6386K, committed 6440K, reserved 1048576K
}
Event: 35669.906 GC heap before
{Heap before GC invocations=100 (full 2):
 PSYoungGen      total 32256K, used 31360K [0x00000000d6200000, 0x00000000d8280000, 0x0000000100000000)
  eden space 31232K, 100% used [0x00000000d6200000,0x00000000d8080000,0x00000000d8080000)
  from space 1024K, 12% used [0x00000000d8080000,0x00000000d80a0000,0x00000000d8180000)
  to   space 1024K, 0% used [0x00000000d8180000,0x00000000d8180000,0x00000000d8280000)
 ParOldGen       total 83456K, used 61220K [0x0000000082600000, 0x0000000087780000, 0x00000000d6200000)
  object space 83456K, 73% used [0x0000000082600000,0x00000000861c9328,0x0000000087780000)
 Metaspace       used 44407K, capacity 48200K, committed 48424K, reserved 1091584K
  class space    used 5757K, capacity 6386K, committed 6440K, reserved 1048576K
Event: 35669.908 GC heap after
Heap after GC invocations=100 (full 2):
 PSYoungGen      total 32256K, used 192K [0x00000000d6200000, 0x00000000d8280000, 0x0000000100000000)
  eden space 31232K, 0% used [0x00000000d6200000,0x00000000d6200000,0x00000000d8080000)
  from space 1024K, 18% used [0x00000000d8180000,0x00000000d81b0000,0x00000000d8280000)
  to   space 1024K, 0% used [0x00000000d8080000,0x00000000d8080000,0x00000000d8180000)
 ParOldGen       total 83456K, used 61220K [0x0000000082600000, 0x0000000087780000, 0x00000000d6200000)
  object space 83456K, 73% used [0x0000000082600000,0x00000000861c9328,0x0000000087780000)
 Metaspace       used 44407K, capacity 48200K, committed 48424K, reserved 1091584K
  class space    used 5757K, capacity 6386K, committed 6440K, reserved 1048576K
}
Event: 35921.616 GC heap before
{Heap before GC invocations=101 (full 2):
 PSYoungGen      total 32256K, used 31424K [0x00000000d6200000, 0x00000000d8280000, 0x0000000100000000)
  eden space 31232K, 100% used [0x00000000d6200000,0x00000000d8080000,0x00000000d8080000)
  from space 1024K, 18% used [0x00000000d8180000,0x00000000d81b0000,0x00000000d8280000)
  to   space 1024K, 0% used [0x00000000d8080000,0x00000000d8080000,0x00000000d8180000)
 ParOldGen       total 83456K, used 61220K [0x0000000082600000, 0x0000000087780000, 0x00000000d6200000)
  object space 83456K, 73% used [0x0000000082600000,0x00000000861c9328,0x0000000087780000)
 Metaspace       used 44407K, capacity 48200K, committed 48424K, reserved 1091584K
  class space    used 5757K, capacity 6386K, committed 6440K, reserved 1048576K
Event: 35921.618 GC heap after
Heap after GC invocations=101 (full 2):
 PSYoungGen      total 32256K, used 160K [0x00000000d6200000, 0x00000000d8280000, 0x0000000100000000)
  eden space 31232K, 0% used [0x00000000d6200000,0x00000000d6200000,0x00000000d8080000)
  from space 1024K, 15% used [0x00000000d8080000,0x00000000d80a8000,0x00000000d8180000)
  to   space 1024K, 0% used [0x00000000d8180000,0x00000000d8180000,0x00000000d8280000)
 ParOldGen       total 83456K, used 61220K [0x0000000082600000, 0x0000000087780000, 0x00000000d6200000)
  object space 83456K, 73% used [0x0000000082600000,0x00000000861c9328,0x0000000087780000)
 Metaspace       used 44407K, capacity 48200K, committed 48424K, reserved 1091584K
  class space    used 5757K, capacity 6386K, committed 6440K, reserved 1048576K
}
Event: 37277.473 GC heap before
{Heap before GC invocations=102 (full 2):
 PSYoungGen      total 32256K, used 31392K [0x00000000d6200000, 0x00000000d8280000, 0x0000000100000000)
  eden space 31232K, 100% used [0x00000000d6200000,0x00000000d8080000,0x00000000d8080000)
  from space 1024K, 15% used [0x00000000d8080000,0x00000000d80a8000,0x00000000d8180000)
  to   space 1024K, 0% used [0x00000000d8180000,0x00000000d8180000,0x00000000d8280000)
 ParOldGen       total 83456K, used 61220K [0x0000000082600000, 0x0000000087780000, 0x00000000d6200000)
  object space 83456K, 73% used [0x0000000082600000,0x00000000861c9328,0x0000000087780000)
 Metaspace       used 44417K, capacity 48206K, committed 48424K, reserved 1091584K
  class space    used 5759K, capacity 6387K, committed 6440K, reserved 1048576K
Event: 37277.475 GC heap after
Heap after GC invocations=102 (full 2):
 PSYoungGen      total 32256K, used 384K [0x00000000d6200000, 0x00000000d8280000, 0x0000000100000000)
  eden space 31232K, 0% used [0x00000000d6200000,0x00000000d6200000,0x00000000d8080000)
  from space 1024K, 37% used [0x00000000d8180000,0x00000000d81e0000,0x00000000d8280000)
  to   space 1024K, 0% used [0x00000000d8080000,0x00000000d8080000,0x00000000d8180000)
 ParOldGen       total 83456K, used 61220K [0x0000000082600000, 0x0000000087780000, 0x00000000d6200000)
  object space 83456K, 73% used [0x0000000082600000,0x00000000861c9328,0x0000000087780000)
 Metaspace       used 44417K, capacity 48206K, committed 48424K, reserved 1091584K
  class space    used 5759K, capacity 6387K, committed 6440K, reserved 1048576K
}

