# JRE version: OpenJDK Runtime Environment (8.0_265-b01) (build 1.8.0_265-b01)
# Java VM: OpenJDK 64-Bit Server VM (25.265-b01 mixed mode windows-amd64 compressed oops)
Heap:
 PSYoungGen      total 118272K, used 82683K [0x00000000d6200000, 0x00000000df700000, 0x0000000100000000)
  eden space 114176K, 69% used [0x00000000d6200000,0x00000000daef4f10,0x00000000dd180000)
  from space 4096K, 94% used [0x00000000df300000,0x00000000df6ca070,0x00000000df700000)
  to   space 11776K, 0% used [0x00000000de000000,0x00000000de000000,0x00000000deb80000)
 ParOldGen       total 84480K, used 13270K [0x0000000082600000, 0x0000000087880000, 0x00000000d6200000)
  object space 84480K, 15% used [0x0000000082600000,0x00000000832f5960,0x0000000087880000)
 Metaspace       used 43454K, capacity 47042K, committed 47320K, reserved 1089536K
  class space    used 5722K, capacity 6337K, committed 6400K, reserved 1048576K
GC Heap History (10 events):
Event: 8904.855 GC heap before
{Heap before GC invocations=16 (full 2):
 PSYoungGen      total 137216K, used 136904K [0x00000000d6200000, 0x00000000e1600000, 0x0000000100000000)
  eden space 133120K, 100% used [0x00000000d6200000,0x00000000de400000,0x00000000de400000)
  from space 4096K, 92% used [0x00000000e0080000,0x00000000e0432050,0x00000000e0480000)
  to   space 12800K, 0% used [0x00000000e0980000,0x00000000e0980000,0x00000000e1600000)
 ParOldGen       total 84480K, used 13246K [0x0000000082600000, 0x0000000087880000, 0x00000000d6200000)
  object space 84480K, 15% used [0x0000000082600000,0x00000000832ef960,0x0000000087880000)
 Metaspace       used 43315K, capacity 46858K, committed 47064K, reserved 1089536K
  class space    used 5707K, capacity 6301K, committed 6400K, reserved 1048576K
Event: 8904.869 GC heap after
Heap after GC invocations=16 (full 2):
 PSYoungGen      total 133120K, used 3640K [0x00000000d6200000, 0x00000000e0d80000, 0x0000000100000000)
  eden space 129024K, 0% used [0x00000000d6200000,0x00000000d6200000,0x00000000de000000)
  from space 4096K, 88% used [0x00000000e0980000,0x00000000e0d0e060,0x00000000e0d80000)
  to   space 12800K, 0% used [0x00000000df480000,0x00000000df480000,0x00000000e0100000)
 ParOldGen       total 84480K, used 13254K [0x0000000082600000, 0x0000000087880000, 0x00000000d6200000)
  object space 84480K, 15% used [0x0000000082600000,0x00000000832f1960,0x0000000087880000)
 Metaspace       used 43315K, capacity 46858K, committed 47064K, reserved 1089536K
  class space    used 5707K, capacity 6301K, committed 6400K, reserved 1048576K
}
Event: 10261.054 GC heap before
{Heap before GC invocations=17 (full 2):
 PSYoungGen      total 133120K, used 132664K [0x00000000d6200000, 0x00000000e0d80000, 0x0000000100000000)
  eden space 129024K, 100% used [0x00000000d6200000,0x00000000de000000,0x00000000de000000)
  from space 4096K, 88% used [0x00000000e0980000,0x00000000e0d0e060,0x00000000e0d80000)
  to   space 12800K, 0% used [0x00000000df480000,0x00000000df480000,0x00000000e0100000)
 ParOldGen       total 84480K, used 13254K [0x0000000082600000, 0x0000000087880000, 0x00000000d6200000)
  object space 84480K, 15% used [0x0000000082600000,0x00000000832f1960,0x0000000087880000)
 Metaspace       used 43315K, capacity 46858K, committed 47064K, reserved 1089536K
  class space    used 5707K, capacity 6301K, committed 6400K, reserved 1048576K
Event: 10261.063 GC heap after
Heap after GC invocations=17 (full 2):
 PSYoungGen      total 129024K, used 3672K [0x00000000d6200000, 0x00000000e0a00000, 0x0000000100000000)
  eden space 124928K, 0% used [0x00000000d6200000,0x00000000d6200000,0x00000000ddc00000)
  from space 4096K, 89% used [0x00000000df480000,0x00000000df816060,0x00000000df880000)
  to   space 12288K, 0% used [0x00000000dfe00000,0x00000000dfe00000,0x00000000e0a00000)
 ParOldGen       total 84480K, used 13262K [0x0000000082600000, 0x0000000087880000, 0x00000000d6200000)
  object space 84480K, 15% used [0x0000000082600000,0x00000000832f3960,0x0000000087880000)
 Metaspace       used 43315K, capacity 46858K, committed 47064K, reserved 1089536K
  class space    used 5707K, capacity 6301K, committed 6400K, reserved 1048576K
}
Event: 11573.455 GC heap before
{Heap before GC invocations=18 (full 2):
 PSYoungGen      total 129024K, used 128600K [0x00000000d6200000, 0x00000000e0a00000, 0x0000000100000000)
  eden space 124928K, 100% used [0x00000000d6200000,0x00000000ddc00000,0x00000000ddc00000)
  from space 4096K, 89% used [0x00000000df480000,0x00000000df816060,0x00000000df880000)
  to   space 12288K, 0% used [0x00000000dfe00000,0x00000000dfe00000,0x00000000e0a00000)
 ParOldGen       total 84480K, used 13262K [0x0000000082600000, 0x0000000087880000, 0x00000000d6200000)
  object space 84480K, 15% used [0x0000000082600000,0x00000000832f3960,0x0000000087880000)
 Metaspace       used 43315K, capacity 46858K, committed 47064K, reserved 1089536K
  class space    used 5707K, capacity 6301K, committed 6400K, reserved 1048576K
Event: 11573.460 GC heap after
Heap after GC invocations=18 (full 2):
 PSYoungGen      total 125440K, used 3656K [0x00000000d6200000, 0x00000000e0200000, 0x0000000100000000)
  eden space 121344K, 0% used [0x00000000d6200000,0x00000000d6200000,0x00000000dd880000)
  from space 4096K, 89% used [0x00000000dfe00000,0x00000000e0192050,0x00000000e0200000)
  to   space 12288K, 0% used [0x00000000dea00000,0x00000000dea00000,0x00000000df600000)
 ParOldGen       total 84480K, used 13262K [0x0000000082600000, 0x0000000087880000, 0x00000000d6200000)
  object space 84480K, 15% used [0x0000000082600000,0x00000000832f3960,0x0000000087880000)
 Metaspace       used 43315K, capacity 46858K, committed 47064K, reserved 1089536K
  class space    used 5707K, capacity 6301K, committed 6400K, reserved 1048576K
}
Event: 12865.188 GC heap before
{Heap before GC invocations=19 (full 2):
 PSYoungGen      total 125440K, used 125000K [0x00000000d6200000, 0x00000000e0200000, 0x0000000100000000)
  eden space 121344K, 100% used [0x00000000d6200000,0x00000000dd880000,0x00000000dd880000)
  from space 4096K, 89% used [0x00000000dfe00000,0x00000000e0192050,0x00000000e0200000)
  to   space 12288K, 0% used [0x00000000dea00000,0x00000000dea00000,0x00000000df600000)
 ParOldGen       total 84480K, used 13262K [0x0000000082600000, 0x0000000087880000, 0x00000000d6200000)
  object space 84480K, 15% used [0x0000000082600000,0x00000000832f3960,0x0000000087880000)
 Metaspace       used 43316K, capacity 46858K, committed 47064K, reserved 1089536K
  class space    used 5707K, capacity 6301K, committed 6400K, reserved 1048576K
Event: 12865.192 GC heap after
Heap after GC invocations=19 (full 2):
 PSYoungGen      total 121856K, used 3720K [0x00000000d6200000, 0x00000000dfe80000, 0x0000000100000000)
  eden space 117760K, 0% used [0x00000000d6200000,0x00000000d6200000,0x00000000dd500000)
  from space 4096K, 90% used [0x00000000dea00000,0x00000000deda2070,0x00000000dee00000)
  to   space 11776K, 0% used [0x00000000df300000,0x00000000df300000,0x00000000dfe80000)
 ParOldGen       total 84480K, used 13262K [0x0000000082600000, 0x0000000087880000, 0x00000000d6200000)
  object space 84480K, 15% used [0x0000000082600000,0x00000000832f3960,0x0000000087880000)
 Metaspace       used 43316K, capacity 46858K, committed 47064K, reserved 1089536K
  class space    used 5707K, capacity 6301K, committed 6400K, reserved 1048576K
}
Event: 14143.752 GC heap before
{Heap before GC invocations=20 (full 2):
 PSYoungGen      total 121856K, used 121480K [0x00000000d6200000, 0x00000000dfe80000, 0x0000000100000000)
  eden space 117760K, 100% used [0x00000000d6200000,0x00000000dd500000,0x00000000dd500000)
  from space 4096K, 90% used [0x00000000dea00000,0x00000000deda2070,0x00000000dee00000)
  to   space 11776K, 0% used [0x00000000df300000,0x00000000df300000,0x00000000dfe80000)
 ParOldGen       total 84480K, used 13262K [0x0000000082600000, 0x0000000087880000, 0x00000000d6200000)
  object space 84480K, 15% used [0x0000000082600000,0x00000000832f3960,0x0000000087880000)
 Metaspace       used 43411K, capacity 46978K, committed 47064K, reserved 1089536K
  class space    used 5722K, capacity 6337K, committed 6400K, reserved 1048576K
Event: 14143.756 GC heap after
Heap after GC invocations=20 (full 2):
 PSYoungGen      total 118272K, used 3880K [0x00000000d6200000, 0x00000000df700000, 0x0000000100000000)
  eden space 114176K, 0% used [0x00000000d6200000,0x00000000d6200000,0x00000000dd180000)
  from space 4096K, 94% used [0x00000000df300000,0x00000000df6ca070,0x00000000df700000)
  to   space 11776K, 0% used [0x00000000de000000,0x00000000de000000,0x00000000deb80000)
 ParOldGen       total 84480K, used 13270K [0x0000000082600000, 0x0000000087880000, 0x00000000d6200000)
  object space 84480K, 15% used [0x0000000082600000,0x00000000832f5960,0x0000000087880000)
 Metaspace       used 43411K, capacity 46978K, committed 47064K, reserved 1089536K
  class space    used 5722K, capacity 6337K, committed 6400K, reserved 1048576K
}

