# JRE version: OpenJDK Runtime Environment (8.0_265-b01) (build 1.8.0_265-b01)
# Java VM: OpenJDK 64-Bit Server VM (25.265-b01 mixed mode windows-amd64 compressed oops)
Heap:
 PSYoungGen      total 51200K, used 38042K [0x00000000d6200000, 0x00000000d9700000, 0x0000000100000000)
  eden space 49152K, 76% used [0x00000000d6200000,0x00000000d86de808,0x00000000d9200000)
  from space 2048K, 14% used [0x00000000d9500000,0x00000000d9548000,0x00000000d9700000)
  to   space 2560K, 0% used [0x00000000d9200000,0x00000000d9200000,0x00000000d9480000)
 ParOldGen       total 104448K, used 21170K [0x0000000082600000, 0x0000000088c00000, 0x00000000d6200000)
  object space 104448K, 20% used [0x0000000082600000,0x0000000083aac9e0,0x0000000088c00000)
 Metaspace       used 44654K, capacity 48278K, committed 48600K, reserved 1091584K
  class space    used 5692K, capacity 6297K, committed 6400K, reserved 1048576K
GC Heap History (10 events):
Event: 41845.008 GC heap before
{Heap before GC invocations=50 (full 2):
 PSYoungGen      total 52736K, used 52544K [0x00000000d6200000, 0x00000000d9c00000, 0x0000000100000000)
  eden space 52224K, 100% used [0x00000000d6200000,0x00000000d9500000,0x00000000d9500000)
  from space 512K, 62% used [0x00000000d9600000,0x00000000d9650000,0x00000000d9680000)
  to   space 3584K, 0% used [0x00000000d9880000,0x00000000d9880000,0x00000000d9c00000)
 ParOldGen       total 104448K, used 21106K [0x0000000082600000, 0x0000000088c00000, 0x00000000d6200000)
  object space 104448K, 20% used [0x0000000082600000,0x0000000083a9c9e0,0x0000000088c00000)
 Metaspace       used 44545K, capacity 48150K, committed 48344K, reserved 1091584K
  class space    used 5692K, capacity 6297K, committed 6400K, reserved 1048576K
Event: 41845.010 GC heap after
Heap after GC invocations=50 (full 2):
 PSYoungGen      total 52736K, used 224K [0x00000000d6200000, 0x00000000d9a00000, 0x0000000100000000)
  eden space 51200K, 0% used [0x00000000d6200000,0x00000000d6200000,0x00000000d9400000)
  from space 1536K, 14% used [0x00000000d9880000,0x00000000d98b8000,0x00000000d9a00000)
  to   space 3072K, 0% used [0x00000000d9400000,0x00000000d9400000,0x00000000d9700000)
 ParOldGen       total 104448K, used 21114K [0x0000000082600000, 0x0000000088c00000, 0x00000000d6200000)
  object space 104448K, 20% used [0x0000000082600000,0x0000000083a9e9e0,0x0000000088c00000)
 Metaspace       used 44545K, capacity 48150K, committed 48344K, reserved 1091584K
  class space    used 5692K, capacity 6297K, committed 6400K, reserved 1048576K
}
Event: 42534.915 GC heap before
{Heap before GC invocations=51 (full 2):
 PSYoungGen      total 52736K, used 51424K [0x00000000d6200000, 0x00000000d9a00000, 0x0000000100000000)
  eden space 51200K, 100% used [0x00000000d6200000,0x00000000d9400000,0x00000000d9400000)
  from space 1536K, 14% used [0x00000000d9880000,0x00000000d98b8000,0x00000000d9a00000)
  to   space 3072K, 0% used [0x00000000d9400000,0x00000000d9400000,0x00000000d9700000)
 ParOldGen       total 104448K, used 21114K [0x0000000082600000, 0x0000000088c00000, 0x00000000d6200000)
  object space 104448K, 20% used [0x0000000082600000,0x0000000083a9e9e0,0x0000000088c00000)
 Metaspace       used 44588K, capacity 48214K, committed 48344K, reserved 1091584K
  class space    used 5692K, capacity 6297K, committed 6400K, reserved 1048576K
Event: 42534.918 GC heap after
Heap after GC invocations=51 (full 2):
 PSYoungGen      total 51200K, used 352K [0x00000000d6200000, 0x00000000d9980000, 0x0000000100000000)
  eden space 50688K, 0% used [0x00000000d6200000,0x00000000d6200000,0x00000000d9380000)
  from space 512K, 68% used [0x00000000d9400000,0x00000000d9458000,0x00000000d9480000)
  to   space 3072K, 0% used [0x00000000d9680000,0x00000000d9680000,0x00000000d9980000)
 ParOldGen       total 104448K, used 21146K [0x0000000082600000, 0x0000000088c00000, 0x00000000d6200000)
  object space 104448K, 20% used [0x0000000082600000,0x0000000083aa69e0,0x0000000088c00000)
 Metaspace       used 44588K, capacity 48214K, committed 48344K, reserved 1091584K
  class space    used 5692K, capacity 6297K, committed 6400K, reserved 1048576K
}
Event: 43207.619 GC heap before
{Heap before GC invocations=52 (full 2):
 PSYoungGen      total 51200K, used 51040K [0x00000000d6200000, 0x00000000d9980000, 0x0000000100000000)
  eden space 50688K, 100% used [0x00000000d6200000,0x00000000d9380000,0x00000000d9380000)
  from space 512K, 68% used [0x00000000d9400000,0x00000000d9458000,0x00000000d9480000)
  to   space 3072K, 0% used [0x00000000d9680000,0x00000000d9680000,0x00000000d9980000)
 ParOldGen       total 104448K, used 21146K [0x0000000082600000, 0x0000000088c00000, 0x00000000d6200000)
  object space 104448K, 20% used [0x0000000082600000,0x0000000083aa69e0,0x0000000088c00000)
 Metaspace       used 44593K, capacity 48214K, committed 48344K, reserved 1091584K
  class space    used 5692K, capacity 6297K, committed 6400K, reserved 1048576K
Event: 43207.621 GC heap after
Heap after GC invocations=52 (full 2):
 PSYoungGen      total 51712K, used 320K [0x00000000d6200000, 0x00000000d9800000, 0x0000000100000000)
  eden space 50176K, 0% used [0x00000000d6200000,0x00000000d6200000,0x00000000d9300000)
  from space 1536K, 20% used [0x00000000d9680000,0x00000000d96d0000,0x00000000d9800000)
  to   space 2560K, 0% used [0x00000000d9300000,0x00000000d9300000,0x00000000d9580000)
 ParOldGen       total 104448K, used 21154K [0x0000000082600000, 0x0000000088c00000, 0x00000000d6200000)
  object space 104448K, 20% used [0x0000000082600000,0x0000000083aa89e0,0x0000000088c00000)
 Metaspace       used 44593K, capacity 48214K, committed 48344K, reserved 1091584K
  class space    used 5692K, capacity 6297K, committed 6400K, reserved 1048576K
}
Event: 43874.730 GC heap before
{Heap before GC invocations=53 (full 2):
 PSYoungGen      total 51712K, used 50496K [0x00000000d6200000, 0x00000000d9800000, 0x0000000100000000)
  eden space 50176K, 100% used [0x00000000d6200000,0x00000000d9300000,0x00000000d9300000)
  from space 1536K, 20% used [0x00000000d9680000,0x00000000d96d0000,0x00000000d9800000)
  to   space 2560K, 0% used [0x00000000d9300000,0x00000000d9300000,0x00000000d9580000)
 ParOldGen       total 104448K, used 21154K [0x0000000082600000, 0x0000000088c00000, 0x00000000d6200000)
  object space 104448K, 20% used [0x0000000082600000,0x0000000083aa89e0,0x0000000088c00000)
 Metaspace       used 44625K, capacity 48214K, committed 48344K, reserved 1091584K
  class space    used 5692K, capacity 6297K, committed 6400K, reserved 1048576K
Event: 43874.733 GC heap after
Heap after GC invocations=53 (full 2):
 PSYoungGen      total 50176K, used 384K [0x00000000d6200000, 0x00000000d9780000, 0x0000000100000000)
  eden space 49664K, 0% used [0x00000000d6200000,0x00000000d6200000,0x00000000d9280000)
  from space 512K, 75% used [0x00000000d9300000,0x00000000d9360000,0x00000000d9380000)
  to   space 2560K, 0% used [0x00000000d9500000,0x00000000d9500000,0x00000000d9780000)
 ParOldGen       total 104448K, used 21162K [0x0000000082600000, 0x0000000088c00000, 0x00000000d6200000)
  object space 104448K, 20% used [0x0000000082600000,0x0000000083aaa9e0,0x0000000088c00000)
 Metaspace       used 44625K, capacity 48214K, committed 48344K, reserved 1091584K
  class space    used 5692K, capacity 6297K, committed 6400K, reserved 1048576K
}
Event: 44538.354 GC heap before
{Heap before GC invocations=54 (full 2):
 PSYoungGen      total 50176K, used 50048K [0x00000000d6200000, 0x00000000d9780000, 0x0000000100000000)
  eden space 49664K, 100% used [0x00000000d6200000,0x00000000d9280000,0x00000000d9280000)
  from space 512K, 75% used [0x00000000d9300000,0x00000000d9360000,0x00000000d9380000)
  to   space 2560K, 0% used [0x00000000d9500000,0x00000000d9500000,0x00000000d9780000)
 ParOldGen       total 104448K, used 21162K [0x0000000082600000, 0x0000000088c00000, 0x00000000d6200000)
  object space 104448K, 20% used [0x0000000082600000,0x0000000083aaa9e0,0x0000000088c00000)
 Metaspace       used 44653K, capacity 48278K, committed 48600K, reserved 1091584K
  class space    used 5692K, capacity 6297K, committed 6400K, reserved 1048576K
Event: 44538.356 GC heap after
Heap after GC invocations=54 (full 2):
 PSYoungGen      total 51200K, used 288K [0x00000000d6200000, 0x00000000d9700000, 0x0000000100000000)
  eden space 49152K, 0% used [0x00000000d6200000,0x00000000d6200000,0x00000000d9200000)
  from space 2048K, 14% used [0x00000000d9500000,0x00000000d9548000,0x00000000d9700000)
  to   space 2560K, 0% used [0x00000000d9200000,0x00000000d9200000,0x00000000d9480000)
 ParOldGen       total 104448K, used 21170K [0x0000000082600000, 0x0000000088c00000, 0x00000000d6200000)
  object space 104448K, 20% used [0x0000000082600000,0x0000000083aac9e0,0x0000000088c00000)
 Metaspace       used 44653K, capacity 48278K, committed 48600K, reserved 1091584K
  class space    used 5692K, capacity 6297K, committed 6400K, reserved 1048576K
}

